Arguments: 
  C:\Program Files\nodejs\node.exe C:\Users\HP\AppData\Roaming\npm\node_modules\yarn\bin\yarn.js add @material-ui/core/TextField

PATH: 
  C:\WINDOWS\system32;C:\WINDOWS;C:\WINDOWS\System32\Wbem;C:\WINDOWS\System32\WindowsPowerShell\v1.0\;C:\WINDOWS\System32\OpenSSH\;C:\PHP7;Downloads;C:\Users\HP\python;C:\Program Files\nodejs\;C:\Program Files\Docker\Docker\resources\bin;C:\ProgramData\DockerDesktop\version-bin;C:\Program Files\Git\cmd;C:\Users\HP\AppData\Local\Programs\Python\Python38-32\Scripts\;C:\Users\HP\AppData\Local\Programs\Python\Python38-32\;C:\Users\HP\AppData\Local\Microsoft\WindowsApps;C:\Users\HP\AppData\Local\Programs\Microsoft VS Code\bin;C:\Users\HP\AppData\Roaming\npm;C:\Program Files\heroku\bin;C:\mongodb-win32-x86_64-windows-4.4.5\bin\;

Yarn version: 
  1.22.10

Node version: 
  14.16.0

Platform: 
  win32 x64

Trace: 
  Error: https://registry.yarnpkg.com/@material-ui%2fcore/TextField: Request "https://registry.yarnpkg.com/@material-ui%2fcore/TextField" returned a 405
      at Request.params.callback [as _callback] (C:\Users\HP\AppData\Roaming\npm\node_modules\yarn\lib\cli.js:66997:18)
      at Request.self.callback (C:\Users\HP\AppData\Roaming\npm\node_modules\yarn\lib\cli.js:140662:22)
      at Request.emit (events.js:315:20)
      at Request.<anonymous> (C:\Users\HP\AppData\Roaming\npm\node_modules\yarn\lib\cli.js:141634:10)
      at Request.emit (events.js:315:20)
      at IncomingMessage.<anonymous> (C:\Users\HP\AppData\Roaming\npm\node_modules\yarn\lib\cli.js:141556:12)
      at Object.onceWrapper (events.js:421:28)
      at IncomingMessage.emit (events.js:327:22)
      at endReadableNT (internal/streams/readable.js:1327:12)
      at processTicksAndRejections (internal/process/task_queues.js:80:21)

npm manifest: 
  {
    "dependencies": {
      "bcrypt": "^5.0.1",
      "dotenv": "^10.0.0",
      "express": "^4.17.1",
      "mongoose": "^5.13.3",
      "multer": "^1.4.2",
      "path": "^0.12.7"
    },
    "name": "api",
    "version": "1.0.0",
    "main": "index.js",
    "devDependencies": {},
    "scripts": {
  
      "build": "cd client && npm run build",
      "install-client": "cd client && npm install",
      "heroku-postbuild": "npm run install-client && npm run build",
      "start": "node index.js",
      "client": "cd client && npm start"
      
    },
    "author": "",
    "license": "ISC",
    "description": "",
  
    "engines": {
      "node": "14.x",
      "npm": "6.x"
    }
  }

yarn manifest: 
  No manifest

Lockfile: 
  No lockfile
